<?xml version="1.0" encoding="UTF-8" ?>
<testsuite errors="0" failures="0" hostname="daniel-ubuntu" name="com.agical.bumblebee.uml.TestAll" tests="5" time="4.157" timestamp="2009-05-21T20:09:51">
  <properties>
    <property name="jna.platform.library.path" value="/usr/lib32:/usr/lib:/lib" />
    <property name="java.runtime.name" value="Java(TM) SE Runtime Environment" />
    <property name="jruby.home" value="/opt/app/jruby-1.2.0" />
    <property name="sun.boot.library.path" value="/usr/lib/jvm/java-6-sun-1.6.0.13/jre/lib/i386" />
    <property name="java.vm.version" value="11.3-b02" />
    <property name="ant.version" value="Apache Ant version 1.7.1 compiled on June 27 2008" />
    <property name="ant.java.version" value="1.6" />
    <property name="java.vm.vendor" value="Sun Microsystems Inc." />
    <property name="java.vendor.url" value="http://java.sun.com/" />
    <property name="path.separator" value=":" />
    <property name="java.vm.name" value="Java HotSpot(TM) Server VM" />
    <property name="file.encoding.pkg" value="sun.io" />
    <property name="user.country" value="US" />
    <property name="sun.java.launcher" value="SUN_STANDARD" />
    <property name="sun.os.patch.level" value="unknown" />
    <property name="java.vm.specification.name" value="Java Virtual Machine Specification" />
    <property name="user.dir" value="/home/daniel/dev/bumblebee/bumblebee_uml" />
    <property name="java.runtime.version" value="1.6.0_13-b03" />
    <property name="java.awt.graphicsenv" value="sun.awt.X11GraphicsEnvironment" />
    <property name="basedir" value="/home/daniel/dev/bumblebee" />
    <property name="java.endorsed.dirs" value="/usr/lib/jvm/java-6-sun-1.6.0.13/jre/lib/endorsed" />
    <property name="os.arch" value="i386" />
    <property name="java.io.tmpdir" value="/tmp" />
    <property name="ant.core.lib" value="/home/daniel/.m2/repository/org/apache/ant/ant/1.7.1/ant-1.7.1.jar" />
    <property name="line.separator" value="
" />
    <property name="java.vm.specification.vendor" value="Sun Microsystems Inc." />
    <property name="os.name" value="Linux" />
    <property name="jna.boot.library.path" value="/opt/app/jruby-1.2.0/lib/native/linux-i386:/opt/app/jruby-1.2.0/lib/native/linux-amd64" />
    <property name="ant.project.name" value="junit" />
    <property name="sun.jnu.encoding" value="UTF-8" />
    <property name="java.library.path" value="/usr/lib/jvm/java-6-sun-1.6.0.13/jre/lib/i386/server:/usr/lib/jvm/java-6-sun-1.6.0.13/jre/lib/i386:/usr/lib/jvm/java-6-sun-1.6.0.13/jre/../lib/i386:/usr/lib/jvm/java-6-sun-1.6.0.13/jre/lib/i386/client:/usr/lib/jvm/java-6-sun-1.6.0.13/jre/lib/i386:/usr/lib/jvm/java-6-sun-1.6.0.13/jre/../lib/i386:/usr/java/packages/lib/i386:/lib:/usr/lib" />
    <property name="jruby.memory.max" value="500m" />
    <property name="java.specification.name" value="Java Platform API Specification" />
    <property name="java.class.version" value="50.0" />
    <property name="sun.management.compiler" value="HotSpot Tiered Compilers" />
    <property name="os.version" value="2.6.28-11-generic" />
    <property name="jffi.boot.library.path" value="/opt/app/jruby-1.2.0/lib/native/i386-Linux" />
    <property name="user.home" value="/home/daniel" />
    <property name="user.timezone" value="" />
    <property name="java.awt.printerjob" value="sun.print.PSPrinterJob" />
    <property name="java.specification.version" value="1.6" />
    <property name="file.encoding" value="UTF-8" />
    <property name="user.name" value="daniel" />
    <property name="jruby.stack.max" value="1024k" />
    <property name="jruby.script" value="jruby" />
    <property name="java.class.path" value="/home/daniel/dev/bumblebee/bumblebee_uml/target/test/classes:/home/daniel/dev/bumblebee/bumblebee_uml/target/test/resources:/home/daniel/dev/bumblebee/bumblebee_uml/target/classes:/home/daniel/dev/bumblebee/bumblebee_uml/target/resources:/home/daniel/dev/bumblebee/bumblebee/target/bumblebee-1.1.1.jar:/home/daniel/dev/bumblebee/bumblebee_junit4/target/bumblebee_junit4-1.1.1.jar:/home/daniel/dev/bumblebee/bumblebee_jruby/target/bumblebee_jruby-1.1.1.jar:/home/daniel/.m2/repository/junit/junit/4.6/junit-4.6.jar:/home/daniel/.m2/repository/oqube/muse/muse-parser/1.0-rc3/muse-parser-1.0-rc3.jar:/home/daniel/.m2/repository/fr/lifl/parsing/1.0.1/parsing-1.0.1.jar:/home/daniel/.m2/repository/jhighlight/jhighlight/1.0/jhighlight-1.0.jar:/home/daniel/.m2/repository/commons-collections/commons-collections/3.1/commons-collections-3.1.jar:/home/daniel/.m2/repository/commons-logging/commons-logging/1.0.4/commons-logging-1.0.4.jar:/home/daniel/.m2/repository/org/jruby/jruby-complete/1.1/jruby-complete-1.1.jar:/home/daniel/.m2/repository/pmd/pmd/4.2.4/pmd-4.2.4.jar:/home/daniel/.m2/repository/jaxen/jaxen/1.1.1/jaxen-1.1.1.jar:/home/daniel/.m2/repository/asm/asm/3.1/asm-3.1.jar:/home/daniel/.m2/repository/batik/batik-rasterizer/1.6/batik-rasterizer-1.6.jar:/home/daniel/.m2/repository/batik/batik-awt-util/1.6/batik-awt-util-1.6.jar:/home/daniel/.m2/repository/batik/batik-bridge/1.6/batik-bridge-1.6.jar:/home/daniel/.m2/repository/batik/batik-css/1.6/batik-css-1.6.jar:/home/daniel/.m2/repository/batik/batik-dom/1.6/batik-dom-1.6.jar:/home/daniel/.m2/repository/batik/batik-ext/1.6/batik-ext-1.6.jar:/home/daniel/.m2/repository/batik/batik-gvt/1.6/batik-gvt-1.6.jar:/home/daniel/.m2/repository/batik/batik-parser/1.6/batik-parser-1.6.jar:/home/daniel/.m2/repository/batik/batik-script/1.6/batik-script-1.6.jar:/home/daniel/.m2/repository/batik/batik-svg-dom/1.6/batik-svg-dom-1.6.jar:/home/daniel/.m2/repository/batik/batik-transcoder/1.6/batik-transcoder-1.6.jar:/home/daniel/.m2/repository/batik/batik-util/1.6/batik-util-1.6.jar:/home/daniel/.m2/repository/batik/batik-xml/1.6/batik-xml-1.6.jar:/home/daniel/.m2/repository/xerces/xercesImpl/2.5.0/xercesImpl-2.5.0.jar:/home/daniel/.m2/repository/xml-apis/xmlParserAPIs/2.0.2/xmlParserAPIs-2.0.2.jar:/home/daniel/.m2/repository/umlspeed/umlspeed/0.19/umlspeed-0.19.jar:/home/daniel/.m2/repository/junit/junit/4.4/junit-4.4.jar:/home/daniel/.m2/repository/jmock/jmock/1.2.0/jmock-1.2.0.jar:/home/daniel/.m2/repository/org/apache/ant/ant-launcher/1.7.1/ant-launcher-1.7.1.jar:/home/daniel/.m2/repository/org/apache/ant/ant/1.7.1/ant-1.7.1.jar:/home/daniel/.m2/repository/org/apache/ant/ant-junit/1.7.1/ant-junit-1.7.1.jar" />
    <property name="jruby.shell" value="/bin/sh" />
    <property name="java.vm.specification.version" value="1.0" />
    <property name="sun.arch.data.model" value="32" />
    <property name="java.home" value="/usr/lib/jvm/java-6-sun-1.6.0.13/jre" />
    <property name="java.specification.vendor" value="Sun Microsystems Inc." />
    <property name="user.language" value="en" />
    <property name="java.vm.info" value="mixed mode" />
    <property name="java.version" value="1.6.0_13" />
    <property name="java.ext.dirs" value="/usr/lib/jvm/java-6-sun-1.6.0.13/jre/lib/ext:/usr/java/packages/lib/ext" />
    <property name="sun.boot.class.path" value="/usr/lib/jvm/java-6-sun-1.6.0.13/jre/lib/resources.jar:/usr/lib/jvm/java-6-sun-1.6.0.13/jre/lib/rt.jar:/usr/lib/jvm/java-6-sun-1.6.0.13/jre/lib/sunrsasign.jar:/usr/lib/jvm/java-6-sun-1.6.0.13/jre/lib/jsse.jar:/usr/lib/jvm/java-6-sun-1.6.0.13/jre/lib/jce.jar:/usr/lib/jvm/java-6-sun-1.6.0.13/jre/lib/charsets.jar:/usr/lib/jvm/java-6-sun-1.6.0.13/jre/classes" />
    <property name="java.vendor" value="Sun Microsystems Inc." />
    <property name="file.separator" value="/" />
    <property name="java.vendor.url.bug" value="http://java.sun.com/cgi-bin/bugreport.cgi" />
    <property name="sun.io.unicode.encoding" value="UnicodeLittle" />
    <property name="sun.cpu.endian" value="little" />
    <property name="jruby.lib" value="/opt/app/jruby-1.2.0/lib" />
    <property name="sun.desktop" value="gnome" />
    <property name="sun.cpu.isalist" value="" />
  </properties>
  <testcase classname="com.agical.bumblebee.uml.TestUmlspeedBuilder" name="generateClassDefinition" time="0.409" />
  <testcase classname="com.agical.bumblebee.uml.TestUmlspeedBuilder" name="generateClassDiagram" time="0.0020" />
  <testcase classname="com.agical.bumblebee.uml.TestUmlspeedBuilder" name="generateDiagramForAllClassesUsedInAMethod" time="0.041" />
  <testcase classname="com.agical.bumblebee.uml.TestUmlspeedBuilder" name="writeClassDiagramFile" time="0.032" />
  <testcase classname="com.agical.bumblebee.uml.UmlSpeedAndBatik" name="testUmlspeedAndBatikGeneration" time="3.274" />
  <system-out><![CDATA[About to transcoder source of type: org.apache.batik.apps.rasterizer.SVGConverterFileSource
]]></system-out>
  <system-err><![CDATA[]]></system-err>
</testsuite>
